-- The C compiler identification is GNU 7.5.0
-- The CXX compiler identification is GNU 7.5.0
-- Check for working C compiler: /usr/bin/cc
-- Check for working C compiler: /usr/bin/cc -- works
-- Detecting C compiler ABI info
-- Detecting C compiler ABI info - done
-- Detecting C compile features
-- Detecting C compile features - done
-- Check for working CXX compiler: /usr/bin/c++
-- Check for working CXX compiler: /usr/bin/c++ -- works
-- Detecting CXX compiler ABI info
-- Detecting CXX compiler ABI info - done
-- Detecting CXX compile features
-- Detecting CXX compile features - done
-- Found ament_cmake: 0.8.2 (/opt/ros/eloquent/share/ament_cmake/cmake)
-- Found PythonInterp: /usr/bin/python3 (found suitable version "3.6.9", minimum required is "3") 
-- Using PYTHON_EXECUTABLE: /usr/bin/python3
-- Found ament_lint_auto: 0.8.1 (/opt/ros/eloquent/share/ament_lint_auto/cmake)
-- Added test 'lint_cmake' to check CMake code style
-- Added test 'xmllint' to check XML markup files
-- Configuring done
-- Generating done
-- Build files have been written to: /home/xyyeh/Desktop/Workspaces/flexiv_ws/flexiv_ros2/build/cpp_package
[36mInstall the project...[0m
-- Install configuration: ""
-- Installing: /home/xyyeh/Desktop/Workspaces/flexiv_ws/flexiv_ros2/install/cpp_package/share/ament_index/resource_index/package_run_dependencies/cpp_package
-- Installing: /home/xyyeh/Desktop/Workspaces/flexiv_ws/flexiv_ros2/install/cpp_package/share/ament_index/resource_index/parent_prefix_path/cpp_package
-- Installing: /home/xyyeh/Desktop/Workspaces/flexiv_ws/flexiv_ros2/install/cpp_package/share/cpp_package/environment/ament_prefix_path.sh
-- Installing: /home/xyyeh/Desktop/Workspaces/flexiv_ws/flexiv_ros2/install/cpp_package/share/cpp_package/environment/ament_prefix_path.dsv
-- Installing: /home/xyyeh/Desktop/Workspaces/flexiv_ws/flexiv_ros2/install/cpp_package/share/cpp_package/environment/path.sh
-- Installing: /home/xyyeh/Desktop/Workspaces/flexiv_ws/flexiv_ros2/install/cpp_package/share/cpp_package/environment/path.dsv
-- Installing: /home/xyyeh/Desktop/Workspaces/flexiv_ws/flexiv_ros2/install/cpp_package/share/cpp_package/local_setup.bash
-- Installing: /home/xyyeh/Desktop/Workspaces/flexiv_ws/flexiv_ros2/install/cpp_package/share/cpp_package/local_setup.sh
-- Installing: /home/xyyeh/Desktop/Workspaces/flexiv_ws/flexiv_ros2/install/cpp_package/share/cpp_package/local_setup.zsh
-- Installing: /home/xyyeh/Desktop/Workspaces/flexiv_ws/flexiv_ros2/install/cpp_package/share/cpp_package/local_setup.dsv
-- Installing: /home/xyyeh/Desktop/Workspaces/flexiv_ws/flexiv_ros2/install/cpp_package/share/cpp_package/package.dsv
-- Installing: /home/xyyeh/Desktop/Workspaces/flexiv_ws/flexiv_ros2/install/cpp_package/share/ament_index/resource_index/packages/cpp_package
-- Installing: /home/xyyeh/Desktop/Workspaces/flexiv_ws/flexiv_ros2/install/cpp_package/share/cpp_package/cmake/cpp_packageConfig.cmake
-- Installing: /home/xyyeh/Desktop/Workspaces/flexiv_ws/flexiv_ros2/install/cpp_package/share/cpp_package/cmake/cpp_packageConfig-version.cmake
-- Installing: /home/xyyeh/Desktop/Workspaces/flexiv_ws/flexiv_ros2/install/cpp_package/share/cpp_package/package.xml
