[0.035s] Invoking command in '/home/xyyeh/Desktop/Workspaces/flexiv_ws/flexiv_ros2/build/cpp_package': CMAKE_PREFIX_PATH=/opt/ros/eloquent /usr/bin/cmake /home/xyyeh/Desktop/Workspaces/flexiv_ws/flexiv_ros2/cpp_package -DCMAKE_INSTALL_PREFIX=/home/xyyeh/Desktop/Workspaces/flexiv_ws/flexiv_ros2/install/cpp_package
[0.114s] -- The C compiler identification is GNU 7.5.0
[0.166s] -- The CXX compiler identification is GNU 7.5.0
[0.169s] -- Check for working C compiler: /usr/bin/cc
[0.246s] -- Check for working C compiler: /usr/bin/cc -- works
[0.247s] -- Detecting C compiler ABI info
[0.336s] -- Detecting C compiler ABI info - done
[0.347s] -- Detecting C compile features
[0.589s] -- Detecting C compile features - done
[0.592s] -- Check for working CXX compiler: /usr/bin/c++
[0.685s] -- Check for working CXX compiler: /usr/bin/c++ -- works
[0.687s] -- Detecting CXX compiler ABI info
[0.769s] -- Detecting CXX compiler ABI info - done
[0.776s] -- Detecting CXX compile features
[1.135s] -- Detecting CXX compile features - done
[1.139s] -- Found ament_cmake: 0.8.2 (/opt/ros/eloquent/share/ament_cmake/cmake)
[1.169s] -- Found PythonInterp: /usr/bin/python3 (found suitable version "3.6.9", minimum required is "3") 
[1.169s] -- Using PYTHON_EXECUTABLE: /usr/bin/python3
[1.407s] -- Found ament_lint_auto: 0.8.1 (/opt/ros/eloquent/share/ament_lint_auto/cmake)
[1.479s] -- Added test 'lint_cmake' to check CMake code style
[1.480s] -- Added test 'xmllint' to check XML markup files
[1.482s] -- Configuring done
[1.485s] -- Generating done
[1.486s] -- Build files have been written to: /home/xyyeh/Desktop/Workspaces/flexiv_ws/flexiv_ros2/build/cpp_package
[1.490s] Invoked command in '/home/xyyeh/Desktop/Workspaces/flexiv_ws/flexiv_ros2/build/cpp_package' returned '0': CMAKE_PREFIX_PATH=/opt/ros/eloquent /usr/bin/cmake /home/xyyeh/Desktop/Workspaces/flexiv_ws/flexiv_ros2/cpp_package -DCMAKE_INSTALL_PREFIX=/home/xyyeh/Desktop/Workspaces/flexiv_ws/flexiv_ros2/install/cpp_package
[1.493s] Invoking command in '/home/xyyeh/Desktop/Workspaces/flexiv_ws/flexiv_ros2/build/cpp_package': CMAKE_PREFIX_PATH=/opt/ros/eloquent /usr/bin/cmake --build /home/xyyeh/Desktop/Workspaces/flexiv_ws/flexiv_ros2/build/cpp_package -- -j4 -l4
[1.534s] Invoked command in '/home/xyyeh/Desktop/Workspaces/flexiv_ws/flexiv_ros2/build/cpp_package' returned '0': CMAKE_PREFIX_PATH=/opt/ros/eloquent /usr/bin/cmake --build /home/xyyeh/Desktop/Workspaces/flexiv_ws/flexiv_ros2/build/cpp_package -- -j4 -l4
[1.564s] Invoking command in '/home/xyyeh/Desktop/Workspaces/flexiv_ws/flexiv_ros2/build/cpp_package': CMAKE_PREFIX_PATH=/opt/ros/eloquent /usr/bin/cmake --build /home/xyyeh/Desktop/Workspaces/flexiv_ws/flexiv_ros2/build/cpp_package --target install -- -j4 -l4
[1.607s] [36mInstall the project...[0m
[1.616s] -- Install configuration: ""
[1.616s] -- Installing: /home/xyyeh/Desktop/Workspaces/flexiv_ws/flexiv_ros2/install/cpp_package/share/ament_index/resource_index/package_run_dependencies/cpp_package
[1.616s] -- Installing: /home/xyyeh/Desktop/Workspaces/flexiv_ws/flexiv_ros2/install/cpp_package/share/ament_index/resource_index/parent_prefix_path/cpp_package
[1.616s] -- Installing: /home/xyyeh/Desktop/Workspaces/flexiv_ws/flexiv_ros2/install/cpp_package/share/cpp_package/environment/ament_prefix_path.sh
[1.617s] -- Installing: /home/xyyeh/Desktop/Workspaces/flexiv_ws/flexiv_ros2/install/cpp_package/share/cpp_package/environment/ament_prefix_path.dsv
[1.617s] -- Installing: /home/xyyeh/Desktop/Workspaces/flexiv_ws/flexiv_ros2/install/cpp_package/share/cpp_package/environment/path.sh
[1.617s] -- Installing: /home/xyyeh/Desktop/Workspaces/flexiv_ws/flexiv_ros2/install/cpp_package/share/cpp_package/environment/path.dsv
[1.617s] -- Installing: /home/xyyeh/Desktop/Workspaces/flexiv_ws/flexiv_ros2/install/cpp_package/share/cpp_package/local_setup.bash
[1.617s] -- Installing: /home/xyyeh/Desktop/Workspaces/flexiv_ws/flexiv_ros2/install/cpp_package/share/cpp_package/local_setup.sh
[1.617s] -- Installing: /home/xyyeh/Desktop/Workspaces/flexiv_ws/flexiv_ros2/install/cpp_package/share/cpp_package/local_setup.zsh
[1.617s] -- Installing: /home/xyyeh/Desktop/Workspaces/flexiv_ws/flexiv_ros2/install/cpp_package/share/cpp_package/local_setup.dsv
[1.618s] -- Installing: /home/xyyeh/Desktop/Workspaces/flexiv_ws/flexiv_ros2/install/cpp_package/share/cpp_package/package.dsv
[1.618s] -- Installing: /home/xyyeh/Desktop/Workspaces/flexiv_ws/flexiv_ros2/install/cpp_package/share/ament_index/resource_index/packages/cpp_package
[1.618s] -- Installing: /home/xyyeh/Desktop/Workspaces/flexiv_ws/flexiv_ros2/install/cpp_package/share/cpp_package/cmake/cpp_packageConfig.cmake
[1.618s] -- Installing: /home/xyyeh/Desktop/Workspaces/flexiv_ws/flexiv_ros2/install/cpp_package/share/cpp_package/cmake/cpp_packageConfig-version.cmake
[1.618s] -- Installing: /home/xyyeh/Desktop/Workspaces/flexiv_ws/flexiv_ros2/install/cpp_package/share/cpp_package/package.xml
[1.623s] Invoked command in '/home/xyyeh/Desktop/Workspaces/flexiv_ws/flexiv_ros2/build/cpp_package' returned '0': CMAKE_PREFIX_PATH=/opt/ros/eloquent /usr/bin/cmake --build /home/xyyeh/Desktop/Workspaces/flexiv_ws/flexiv_ros2/build/cpp_package --target install -- -j4 -l4
