[0.164s] [34mcolcon[0m [1;30mDEBUG[0m [32mCommand line arguments: ['/usr/bin/colcon', 'build'][0m
[0.164s] [34mcolcon[0m [1;30mDEBUG[0m [32mParsed command line arguments: Namespace(ament_cmake_args=None, base_paths=['.'], build_base='build', catkin_cmake_args=None, catkin_skip_building_tests=False, cmake_args=None, cmake_clean_cache=False, cmake_clean_first=False, cmake_force_configure=False, cmake_target=None, cmake_target_skip_unavailable=False, continue_on_error=False, event_handlers=None, executor='parallel', ignore_user_meta=False, install_base='install', log_base=None, log_level=None, main=<bound method BuildVerb.main of <colcon_core.verb.build.BuildVerb object at 0x7f32bb236400>>, merge_install=False, metas=['./colcon.meta'], packages_above=None, packages_above_and_dependencies=None, packages_above_depth=None, packages_end=None, packages_ignore=None, packages_ignore_regex=None, packages_select=None, packages_select_build_failed=False, packages_select_by_dep=None, packages_select_regex=None, packages_select_test_failures=False, packages_skip=None, packages_skip_build_finished=False, packages_skip_by_dep=None, packages_skip_regex=None, packages_skip_test_passed=False, packages_skip_up_to=None, packages_start=None, packages_up_to=None, packages_up_to_regex=None, parallel_workers=4, paths=None, symlink_install=False, test_result_base=None, verb_extension=<colcon_core.verb.build.BuildVerb object at 0x7f32bb236400>, verb_name='build', verb_parser=<colcon_defaults.argument_parser.defaults.DefaultArgumentsDecorator object at 0x7f32bb236748>)[0m
[0.173s] [34mcolcon.colcon_core.package_discovery[0m [1;30mLevel 1[0m discover_packages(colcon_meta) check parameters
[0.173s] [34mcolcon.colcon_core.package_discovery[0m [1;30mLevel 1[0m discover_packages(recursive) check parameters
[0.173s] [34mcolcon.colcon_core.package_discovery[0m [1;30mLevel 1[0m discover_packages(ignore) check parameters
[0.173s] [34mcolcon.colcon_core.package_discovery[0m [1;30mLevel 1[0m discover_packages(path) check parameters
[0.173s] [34mcolcon.colcon_core.package_discovery[0m [1;30mLevel 1[0m discover_packages(colcon_meta) discover
[0.173s] [34mcolcon.colcon_core.package_discovery[0m [1;30mLevel 1[0m discover_packages(recursive) discover
[0.174s] [34mcolcon.colcon_core.package_discovery[0m [1;30mINFO[0m Crawling recursively for packages in '/home/xyyeh/Desktop/Workspaces/flexiv_ws/flexiv_ros2'
[0.174s] [34mcolcon.colcon_core.package_identification[0m [1;30mLevel 1[0m _identify(.) by extensions ['ignore', 'ignore_ament_install']
[0.174s] [34mcolcon.colcon_core.package_identification[0m [1;30mLevel 1[0m _identify(.) by extension 'ignore'
[0.174s] [34mcolcon.colcon_core.package_identification[0m [1;30mLevel 1[0m _identify(.) by extension 'ignore_ament_install'
[0.174s] [34mcolcon.colcon_core.package_identification[0m [1;30mLevel 1[0m _identify(.) by extensions ['colcon_pkg']
[0.174s] [34mcolcon.colcon_core.package_identification[0m [1;30mLevel 1[0m _identify(.) by extension 'colcon_pkg'
[0.174s] [34mcolcon.colcon_core.package_identification[0m [1;30mLevel 1[0m _identify(.) by extensions ['colcon_meta']
[0.174s] [34mcolcon.colcon_core.package_identification[0m [1;30mLevel 1[0m _identify(.) by extension 'colcon_meta'
[0.174s] [34mcolcon.colcon_core.package_identification[0m [1;30mLevel 1[0m _identify(.) by extensions ['ros']
[0.174s] [34mcolcon.colcon_core.package_identification[0m [1;30mLevel 1[0m _identify(.) by extension 'ros'
[0.186s] [34mcolcon.colcon_core.package_identification[0m [1;30mLevel 1[0m _identify(.) by extensions ['cmake', 'python']
[0.186s] [34mcolcon.colcon_core.package_identification[0m [1;30mLevel 1[0m _identify(.) by extension 'cmake'
[0.186s] [34mcolcon.colcon_core.package_identification[0m [1;30mLevel 1[0m _identify(.) by extension 'python'
[0.186s] [34mcolcon.colcon_core.package_identification[0m [1;30mLevel 1[0m _identify(.) by extensions ['python_setup_py']
[0.186s] [34mcolcon.colcon_core.package_identification[0m [1;30mLevel 1[0m _identify(.) by extension 'python_setup_py'
[0.187s] [34mcolcon.colcon_core.package_identification[0m [1;30mLevel 1[0m _identify(build) by extensions ['ignore', 'ignore_ament_install']
[0.187s] [34mcolcon.colcon_core.package_identification[0m [1;30mLevel 1[0m _identify(build) by extension 'ignore'
[0.187s] [34mcolcon.colcon_core.package_identification[0m [1;30mLevel 1[0m _identify(build) ignored
[0.187s] [34mcolcon.colcon_core.package_identification[0m [1;30mLevel 1[0m _identify(cpp_package) by extensions ['ignore', 'ignore_ament_install']
[0.187s] [34mcolcon.colcon_core.package_identification[0m [1;30mLevel 1[0m _identify(cpp_package) by extension 'ignore'
[0.188s] [34mcolcon.colcon_core.package_identification[0m [1;30mLevel 1[0m _identify(cpp_package) by extension 'ignore_ament_install'
[0.188s] [34mcolcon.colcon_core.package_identification[0m [1;30mLevel 1[0m _identify(cpp_package) by extensions ['colcon_pkg']
[0.188s] [34mcolcon.colcon_core.package_identification[0m [1;30mLevel 1[0m _identify(cpp_package) by extension 'colcon_pkg'
[0.188s] [34mcolcon.colcon_core.package_identification[0m [1;30mLevel 1[0m _identify(cpp_package) by extensions ['colcon_meta']
[0.188s] [34mcolcon.colcon_core.package_identification[0m [1;30mLevel 1[0m _identify(cpp_package) by extension 'colcon_meta'
[0.188s] [34mcolcon.colcon_core.package_identification[0m [1;30mLevel 1[0m _identify(cpp_package) by extensions ['ros']
[0.188s] [34mcolcon.colcon_core.package_identification[0m [1;30mLevel 1[0m _identify(cpp_package) by extension 'ros'
[0.199s] [34mcolcon.colcon_core.package_identification[0m [1;30mDEBUG[0m [32mPackage 'cpp_package' with type 'ros.ament_cmake' and name 'cpp_package'[0m
[0.199s] [34mcolcon.colcon_core.package_identification[0m [1;30mLevel 1[0m _identify(install) by extensions ['ignore', 'ignore_ament_install']
[0.200s] [34mcolcon.colcon_core.package_identification[0m [1;30mLevel 1[0m _identify(install) by extension 'ignore'
[0.200s] [34mcolcon.colcon_core.package_identification[0m [1;30mLevel 1[0m _identify(install) ignored
[0.200s] [34mcolcon.colcon_core.package_identification[0m [1;30mLevel 1[0m _identify(log) by extensions ['ignore', 'ignore_ament_install']
[0.200s] [34mcolcon.colcon_core.package_identification[0m [1;30mLevel 1[0m _identify(log) by extension 'ignore'
[0.200s] [34mcolcon.colcon_core.package_identification[0m [1;30mLevel 1[0m _identify(log) ignored
[0.200s] [34mcolcon.colcon_core.package_identification[0m [1;30mLevel 1[0m _identify(python_package) by extensions ['ignore', 'ignore_ament_install']
[0.200s] [34mcolcon.colcon_core.package_identification[0m [1;30mLevel 1[0m _identify(python_package) by extension 'ignore'
[0.200s] [34mcolcon.colcon_core.package_identification[0m [1;30mLevel 1[0m _identify(python_package) by extension 'ignore_ament_install'
[0.200s] [34mcolcon.colcon_core.package_identification[0m [1;30mLevel 1[0m _identify(python_package) by extensions ['colcon_pkg']
[0.200s] [34mcolcon.colcon_core.package_identification[0m [1;30mLevel 1[0m _identify(python_package) by extension 'colcon_pkg'
[0.201s] [34mcolcon.colcon_core.package_identification[0m [1;30mLevel 1[0m _identify(python_package) by extensions ['colcon_meta']
[0.201s] [34mcolcon.colcon_core.package_identification[0m [1;30mLevel 1[0m _identify(python_package) by extension 'colcon_meta'
[0.201s] [34mcolcon.colcon_core.package_identification[0m [1;30mLevel 1[0m _identify(python_package) by extensions ['ros']
[0.201s] [34mcolcon.colcon_core.package_identification[0m [1;30mLevel 1[0m _identify(python_package) by extension 'ros'
[0.202s] [34mcolcon.colcon_core.package_identification[0m [1;30mDEBUG[0m [32mPackage 'python_package' with type 'ros.ament_python' and name 'python_package'[0m
[0.202s] [34mcolcon.colcon_core.package_discovery[0m [1;30mLevel 1[0m discover_packages(recursive) using defaults
[0.202s] [34mcolcon.colcon_core.package_discovery[0m [1;30mLevel 1[0m discover_packages(ignore) discover
[0.202s] [34mcolcon.colcon_core.package_discovery[0m [1;30mLevel 1[0m discover_packages(ignore) using defaults
[0.202s] [34mcolcon.colcon_core.package_discovery[0m [1;30mLevel 1[0m discover_packages(path) discover
[0.202s] [34mcolcon.colcon_core.package_discovery[0m [1;30mLevel 1[0m discover_packages(path) using defaults
[0.219s] [34mcolcon.colcon_core.verb[0m [1;30mLevel 5[0m set package 'cpp_package' build argument 'cmake_args' from command line to 'None'
[0.219s] [34mcolcon.colcon_core.verb[0m [1;30mLevel 5[0m set package 'cpp_package' build argument 'cmake_target' from command line to 'None'
[0.219s] [34mcolcon.colcon_core.verb[0m [1;30mLevel 5[0m set package 'cpp_package' build argument 'cmake_target_skip_unavailable' from command line to 'False'
[0.219s] [34mcolcon.colcon_core.verb[0m [1;30mLevel 5[0m set package 'cpp_package' build argument 'cmake_clean_cache' from command line to 'False'
[0.219s] [34mcolcon.colcon_core.verb[0m [1;30mLevel 5[0m set package 'cpp_package' build argument 'cmake_clean_first' from command line to 'False'
[0.219s] [34mcolcon.colcon_core.verb[0m [1;30mLevel 5[0m set package 'cpp_package' build argument 'cmake_force_configure' from command line to 'False'
[0.219s] [34mcolcon.colcon_core.verb[0m [1;30mLevel 5[0m set package 'cpp_package' build argument 'ament_cmake_args' from command line to 'None'
[0.220s] [34mcolcon.colcon_core.verb[0m [1;30mLevel 5[0m set package 'cpp_package' build argument 'catkin_cmake_args' from command line to 'None'
[0.220s] [34mcolcon.colcon_core.verb[0m [1;30mLevel 5[0m set package 'cpp_package' build argument 'catkin_skip_building_tests' from command line to 'False'
[0.220s] [34mcolcon.colcon_core.verb[0m [1;30mDEBUG[0m [32mBuilding package 'cpp_package' with the following arguments: {'ament_cmake_args': None, 'build_base': '/home/xyyeh/Desktop/Workspaces/flexiv_ws/flexiv_ros2/build/cpp_package', 'catkin_cmake_args': None, 'catkin_skip_building_tests': False, 'cmake_args': None, 'cmake_clean_cache': False, 'cmake_clean_first': False, 'cmake_force_configure': False, 'cmake_target': None, 'cmake_target_skip_unavailable': False, 'install_base': '/home/xyyeh/Desktop/Workspaces/flexiv_ws/flexiv_ros2/install/cpp_package', 'merge_install': False, 'path': '/home/xyyeh/Desktop/Workspaces/flexiv_ws/flexiv_ros2/cpp_package', 'symlink_install': False, 'test_result_base': None}[0m
[0.223s] [34mcolcon.colcon_core.verb[0m [1;30mLevel 5[0m set package 'python_package' build argument 'cmake_args' from command line to 'None'
[0.223s] [34mcolcon.colcon_core.verb[0m [1;30mLevel 5[0m set package 'python_package' build argument 'cmake_target' from command line to 'None'
[0.223s] [34mcolcon.colcon_core.verb[0m [1;30mLevel 5[0m set package 'python_package' build argument 'cmake_target_skip_unavailable' from command line to 'False'
[0.223s] [34mcolcon.colcon_core.verb[0m [1;30mLevel 5[0m set package 'python_package' build argument 'cmake_clean_cache' from command line to 'False'
[0.223s] [34mcolcon.colcon_core.verb[0m [1;30mLevel 5[0m set package 'python_package' build argument 'cmake_clean_first' from command line to 'False'
[0.223s] [34mcolcon.colcon_core.verb[0m [1;30mLevel 5[0m set package 'python_package' build argument 'cmake_force_configure' from command line to 'False'
[0.223s] [34mcolcon.colcon_core.verb[0m [1;30mLevel 5[0m set package 'python_package' build argument 'ament_cmake_args' from command line to 'None'
[0.223s] [34mcolcon.colcon_core.verb[0m [1;30mLevel 5[0m set package 'python_package' build argument 'catkin_cmake_args' from command line to 'None'
[0.223s] [34mcolcon.colcon_core.verb[0m [1;30mLevel 5[0m set package 'python_package' build argument 'catkin_skip_building_tests' from command line to 'False'
[0.223s] [34mcolcon.colcon_core.verb[0m [1;30mDEBUG[0m [32mBuilding package 'python_package' with the following arguments: {'ament_cmake_args': None, 'build_base': '/home/xyyeh/Desktop/Workspaces/flexiv_ws/flexiv_ros2/build/python_package', 'catkin_cmake_args': None, 'catkin_skip_building_tests': False, 'cmake_args': None, 'cmake_clean_cache': False, 'cmake_clean_first': False, 'cmake_force_configure': False, 'cmake_target': None, 'cmake_target_skip_unavailable': False, 'install_base': '/home/xyyeh/Desktop/Workspaces/flexiv_ws/flexiv_ros2/install/python_package', 'merge_install': False, 'path': '/home/xyyeh/Desktop/Workspaces/flexiv_ws/flexiv_ros2/python_package', 'symlink_install': False, 'test_result_base': None}[0m
[0.224s] [34mcolcon.colcon_core.executor[0m [1;30mINFO[0m Executing jobs using 'parallel' executor
[0.226s] [34mcolcon.colcon_parallel_executor.executor.parallel[0m [1;30mDEBUG[0m [32mrun_until_complete[0m
[0.226s] [34mcolcon.colcon_ros.task.ament_cmake.build[0m [1;30mINFO[0m Building ROS package in '/home/xyyeh/Desktop/Workspaces/flexiv_ws/flexiv_ros2/cpp_package' with build type 'ament_cmake'
[0.227s] [34mcolcon.colcon_cmake.task.cmake.build[0m [1;30mINFO[0m Building CMake package in '/home/xyyeh/Desktop/Workspaces/flexiv_ws/flexiv_ros2/cpp_package'
[0.232s] [34mcolcon.colcon_core.plugin_system[0m [1;30mINFO[0m Skipping extension 'colcon_core.shell.bat': Not used on non-Windows systems
[0.232s] [34mcolcon.colcon_core.shell[0m [1;30mINFO[0m Skip shell extension 'powershell' for command environment: Not usable outside of PowerShell
[0.232s] [34mcolcon.colcon_core.shell[0m [1;30mDEBUG[0m [32mSkip shell extension 'dsv' for command environment[0m
[0.236s] [34mcolcon.colcon_core.shell[0m [1;30mDEBUG[0m [32mIgnoring prefix path '/opt/ros/eloquent'[0m
[0.243s] [34mcolcon.colcon_ros.task.ament_python.build[0m [1;30mINFO[0m Building ROS package in '/home/xyyeh/Desktop/Workspaces/flexiv_ws/flexiv_ros2/python_package' with build type 'ament_python'
[0.243s] [34mcolcon.colcon_core.shell[0m [1;30mLevel 1[0m create_environment_hook('python_package', 'ament_prefix_path')
[0.245s] [34mcolcon.colcon_core.shell[0m [1;30mINFO[0m Creating environment hook '/home/xyyeh/Desktop/Workspaces/flexiv_ws/flexiv_ros2/install/python_package/share/python_package/hook/ament_prefix_path.ps1'
[0.247s] [34mcolcon.colcon_core.shell[0m [1;30mINFO[0m Creating environment descriptor '/home/xyyeh/Desktop/Workspaces/flexiv_ws/flexiv_ros2/install/python_package/share/python_package/hook/ament_prefix_path.dsv'
[0.247s] [34mcolcon.colcon_core.shell[0m [1;30mINFO[0m Creating environment hook '/home/xyyeh/Desktop/Workspaces/flexiv_ws/flexiv_ros2/install/python_package/share/python_package/hook/ament_prefix_path.sh'
[0.248s] [34mcolcon.colcon_core.shell[0m [1;30mINFO[0m Skip shell extension 'powershell' for command environment: Not usable outside of PowerShell
[0.249s] [34mcolcon.colcon_core.shell[0m [1;30mDEBUG[0m [32mSkip shell extension 'dsv' for command environment[0m
[0.250s] [34mcolcon.colcon_core.shell[0m [1;30mDEBUG[0m [32mIgnoring prefix path '/opt/ros/eloquent'[0m
[0.262s] [34mcolcon.colcon_core.event_handler.log_command[0m [1;30mDEBUG[0m [32mInvoking command in '/home/xyyeh/Desktop/Workspaces/flexiv_ws/flexiv_ros2/build/cpp_package': CMAKE_PREFIX_PATH=/opt/ros/eloquent /usr/bin/cmake /home/xyyeh/Desktop/Workspaces/flexiv_ws/flexiv_ros2/cpp_package -DCMAKE_INSTALL_PREFIX=/home/xyyeh/Desktop/Workspaces/flexiv_ws/flexiv_ros2/install/cpp_package[0m
[0.656s] [34mcolcon.colcon_core.task.python.build[0m [1;30mINFO[0m Building Python package in '/home/xyyeh/Desktop/Workspaces/flexiv_ws/flexiv_ros2/python_package'
[0.657s] [34mcolcon.colcon_core.shell[0m [1;30mINFO[0m Skip shell extension 'powershell' for command environment: Not usable outside of PowerShell
[0.657s] [34mcolcon.colcon_core.shell[0m [1;30mDEBUG[0m [32mSkip shell extension 'dsv' for command environment[0m
[0.659s] [34mcolcon.colcon_core.shell[0m [1;30mDEBUG[0m [32mIgnoring prefix path '/opt/ros/eloquent'[0m
[0.674s] [34mcolcon.colcon_core.event_handler.log_command[0m [1;30mDEBUG[0m [32mInvoking command in '/home/xyyeh/Desktop/Workspaces/flexiv_ws/flexiv_ros2/python_package': PYTHONPATH=/home/xyyeh/Desktop/Workspaces/flexiv_ws/flexiv_ros2/install/python_package/lib/python3.6/site-packages:${PYTHONPATH} /usr/bin/python3 setup.py egg_info --egg-base ../build/python_package build --build-base /home/xyyeh/Desktop/Workspaces/flexiv_ws/flexiv_ros2/build/python_package/build install --prefix /home/xyyeh/Desktop/Workspaces/flexiv_ws/flexiv_ros2/install/python_package --record /home/xyyeh/Desktop/Workspaces/flexiv_ws/flexiv_ros2/build/python_package/install.log --single-version-externally-managed[0m
[1.115s] [34mcolcon.colcon_core.event_handler.log_command[0m [1;30mDEBUG[0m [32mInvoked command in '/home/xyyeh/Desktop/Workspaces/flexiv_ws/flexiv_ros2/python_package' returned '0': PYTHONPATH=/home/xyyeh/Desktop/Workspaces/flexiv_ws/flexiv_ros2/install/python_package/lib/python3.6/site-packages:${PYTHONPATH} /usr/bin/python3 setup.py egg_info --egg-base ../build/python_package build --build-base /home/xyyeh/Desktop/Workspaces/flexiv_ws/flexiv_ros2/build/python_package/build install --prefix /home/xyyeh/Desktop/Workspaces/flexiv_ws/flexiv_ros2/install/python_package --record /home/xyyeh/Desktop/Workspaces/flexiv_ws/flexiv_ros2/build/python_package/install.log --single-version-externally-managed[0m
[1.116s] [34mcolcon.colcon_core.environment[0m [1;30mLevel 1[0m checking '/home/xyyeh/Desktop/Workspaces/flexiv_ws/flexiv_ros2/install/python_package' for CMake module files
[1.116s] [34mcolcon.colcon_core.environment[0m [1;30mLevel 1[0m checking '/home/xyyeh/Desktop/Workspaces/flexiv_ws/flexiv_ros2/install/python_package' for CMake config files
[1.118s] [34mcolcon.colcon_core.environment[0m [1;30mLevel 1[0m checking '/home/xyyeh/Desktop/Workspaces/flexiv_ws/flexiv_ros2/install/python_package/lib'
[1.118s] [34mcolcon.colcon_core.environment[0m [1;30mLevel 1[0m checking '/home/xyyeh/Desktop/Workspaces/flexiv_ws/flexiv_ros2/install/python_package/bin'
[1.118s] [34mcolcon.colcon_core.environment[0m [1;30mLevel 1[0m checking '/home/xyyeh/Desktop/Workspaces/flexiv_ws/flexiv_ros2/install/python_package/lib/pkgconfig/python_package.pc'
[1.118s] [34mcolcon.colcon_core.environment[0m [1;30mLevel 1[0m checking '/home/xyyeh/Desktop/Workspaces/flexiv_ws/flexiv_ros2/install/python_package/lib/python3.6/site-packages'
[1.118s] [34mcolcon.colcon_core.shell[0m [1;30mLevel 1[0m create_environment_hook('python_package', 'pythonpath')
[1.119s] [34mcolcon.colcon_core.shell[0m [1;30mINFO[0m Creating environment hook '/home/xyyeh/Desktop/Workspaces/flexiv_ws/flexiv_ros2/install/python_package/share/python_package/hook/pythonpath.ps1'
[1.120s] [34mcolcon.colcon_core.shell[0m [1;30mINFO[0m Creating environment descriptor '/home/xyyeh/Desktop/Workspaces/flexiv_ws/flexiv_ros2/install/python_package/share/python_package/hook/pythonpath.dsv'
[1.120s] [34mcolcon.colcon_core.shell[0m [1;30mINFO[0m Creating environment hook '/home/xyyeh/Desktop/Workspaces/flexiv_ws/flexiv_ros2/install/python_package/share/python_package/hook/pythonpath.sh'
[1.120s] [34mcolcon.colcon_core.environment[0m [1;30mLevel 1[0m create_environment_scripts_only(python_package)
[1.122s] [34mcolcon.colcon_core.shell[0m [1;30mINFO[0m Creating package script '/home/xyyeh/Desktop/Workspaces/flexiv_ws/flexiv_ros2/install/python_package/share/python_package/package.ps1'
[1.123s] [34mcolcon.colcon_core.shell[0m [1;30mINFO[0m Creating package descriptor '/home/xyyeh/Desktop/Workspaces/flexiv_ws/flexiv_ros2/install/python_package/share/python_package/package.dsv'
[1.124s] [34mcolcon.colcon_core.shell[0m [1;30mINFO[0m Creating package script '/home/xyyeh/Desktop/Workspaces/flexiv_ws/flexiv_ros2/install/python_package/share/python_package/package.sh'
[1.125s] [34mcolcon.colcon_core.shell[0m [1;30mINFO[0m Creating package script '/home/xyyeh/Desktop/Workspaces/flexiv_ws/flexiv_ros2/install/python_package/share/python_package/package.bash'
[1.126s] [34mcolcon.colcon_core.shell[0m [1;30mINFO[0m Creating package script '/home/xyyeh/Desktop/Workspaces/flexiv_ws/flexiv_ros2/install/python_package/share/python_package/package.zsh'
[1.127s] [34mcolcon.colcon_core.environment[0m [1;30mLevel 1[0m create_file_with_runtime_dependencies(/home/xyyeh/Desktop/Workspaces/flexiv_ws/flexiv_ros2/install/python_package/share/colcon-core/packages/python_package)
[1.717s] [34mcolcon.colcon_core.event_handler.log_command[0m [1;30mDEBUG[0m [32mInvoked command in '/home/xyyeh/Desktop/Workspaces/flexiv_ws/flexiv_ros2/build/cpp_package' returned '0': CMAKE_PREFIX_PATH=/opt/ros/eloquent /usr/bin/cmake /home/xyyeh/Desktop/Workspaces/flexiv_ws/flexiv_ros2/cpp_package -DCMAKE_INSTALL_PREFIX=/home/xyyeh/Desktop/Workspaces/flexiv_ws/flexiv_ros2/install/cpp_package[0m
[1.720s] [34mcolcon.colcon_core.event_handler.log_command[0m [1;30mDEBUG[0m [32mInvoking command in '/home/xyyeh/Desktop/Workspaces/flexiv_ws/flexiv_ros2/build/cpp_package': CMAKE_PREFIX_PATH=/opt/ros/eloquent /usr/bin/cmake --build /home/xyyeh/Desktop/Workspaces/flexiv_ws/flexiv_ros2/build/cpp_package -- -j4 -l4[0m
[1.762s] [34mcolcon.colcon_core.event_handler.log_command[0m [1;30mDEBUG[0m [32mInvoked command in '/home/xyyeh/Desktop/Workspaces/flexiv_ws/flexiv_ros2/build/cpp_package' returned '0': CMAKE_PREFIX_PATH=/opt/ros/eloquent /usr/bin/cmake --build /home/xyyeh/Desktop/Workspaces/flexiv_ws/flexiv_ros2/build/cpp_package -- -j4 -l4[0m
[1.792s] [34mcolcon.colcon_core.event_handler.log_command[0m [1;30mDEBUG[0m [32mInvoking command in '/home/xyyeh/Desktop/Workspaces/flexiv_ws/flexiv_ros2/build/cpp_package': CMAKE_PREFIX_PATH=/opt/ros/eloquent /usr/bin/cmake --build /home/xyyeh/Desktop/Workspaces/flexiv_ws/flexiv_ros2/build/cpp_package --target install -- -j4 -l4[0m
[1.848s] [34mcolcon.colcon_core.environment[0m [1;30mLevel 1[0m create_environment_scripts_only(cpp_package)
[1.850s] [34mcolcon.colcon_core.environment[0m [1;30mLevel 1[0m checking '/home/xyyeh/Desktop/Workspaces/flexiv_ws/flexiv_ros2/install/cpp_package' for CMake module files
[1.850s] [34mcolcon.colcon_core.event_handler.log_command[0m [1;30mDEBUG[0m [32mInvoked command in '/home/xyyeh/Desktop/Workspaces/flexiv_ws/flexiv_ros2/build/cpp_package' returned '0': CMAKE_PREFIX_PATH=/opt/ros/eloquent /usr/bin/cmake --build /home/xyyeh/Desktop/Workspaces/flexiv_ws/flexiv_ros2/build/cpp_package --target install -- -j4 -l4[0m
[1.851s] [34mcolcon.colcon_core.environment[0m [1;30mLevel 1[0m checking '/home/xyyeh/Desktop/Workspaces/flexiv_ws/flexiv_ros2/install/cpp_package' for CMake config files
[1.851s] [34mcolcon.colcon_core.shell[0m [1;30mLevel 1[0m create_environment_hook('cpp_package', 'cmake_prefix_path')
[1.852s] [34mcolcon.colcon_core.shell[0m [1;30mINFO[0m Creating environment hook '/home/xyyeh/Desktop/Workspaces/flexiv_ws/flexiv_ros2/install/cpp_package/share/cpp_package/hook/cmake_prefix_path.ps1'
[1.852s] [34mcolcon.colcon_core.shell[0m [1;30mINFO[0m Creating environment descriptor '/home/xyyeh/Desktop/Workspaces/flexiv_ws/flexiv_ros2/install/cpp_package/share/cpp_package/hook/cmake_prefix_path.dsv'
[1.852s] [34mcolcon.colcon_core.shell[0m [1;30mINFO[0m Creating environment hook '/home/xyyeh/Desktop/Workspaces/flexiv_ws/flexiv_ros2/install/cpp_package/share/cpp_package/hook/cmake_prefix_path.sh'
[1.853s] [34mcolcon.colcon_core.environment[0m [1;30mLevel 1[0m checking '/home/xyyeh/Desktop/Workspaces/flexiv_ws/flexiv_ros2/install/cpp_package/bin'
[1.853s] [34mcolcon.colcon_core.environment[0m [1;30mLevel 1[0m checking '/home/xyyeh/Desktop/Workspaces/flexiv_ws/flexiv_ros2/install/cpp_package/lib/pkgconfig/cpp_package.pc'
[1.853s] [34mcolcon.colcon_core.environment[0m [1;30mLevel 1[0m checking '/home/xyyeh/Desktop/Workspaces/flexiv_ws/flexiv_ros2/install/cpp_package/lib/python3.6/site-packages'
[1.854s] [34mcolcon.colcon_core.shell[0m [1;30mINFO[0m Creating package script '/home/xyyeh/Desktop/Workspaces/flexiv_ws/flexiv_ros2/install/cpp_package/share/cpp_package/package.ps1'
[1.854s] [34mcolcon.colcon_core.shell[0m [1;30mINFO[0m Creating package descriptor '/home/xyyeh/Desktop/Workspaces/flexiv_ws/flexiv_ros2/install/cpp_package/share/cpp_package/package.dsv'
[1.855s] [34mcolcon.colcon_core.shell[0m [1;30mINFO[0m Creating package script '/home/xyyeh/Desktop/Workspaces/flexiv_ws/flexiv_ros2/install/cpp_package/share/cpp_package/package.sh'
[1.855s] [34mcolcon.colcon_core.shell[0m [1;30mINFO[0m Creating package script '/home/xyyeh/Desktop/Workspaces/flexiv_ws/flexiv_ros2/install/cpp_package/share/cpp_package/package.bash'
[1.855s] [34mcolcon.colcon_core.shell[0m [1;30mINFO[0m Creating package script '/home/xyyeh/Desktop/Workspaces/flexiv_ws/flexiv_ros2/install/cpp_package/share/cpp_package/package.zsh'
[1.856s] [34mcolcon.colcon_core.environment[0m [1;30mLevel 1[0m create_file_with_runtime_dependencies(/home/xyyeh/Desktop/Workspaces/flexiv_ws/flexiv_ros2/install/cpp_package/share/colcon-core/packages/cpp_package)
[1.887s] [34mcolcon.colcon_core.environment[0m [1;30mLevel 1[0m create_environment_scripts_only(cpp_package)
[1.888s] [34mcolcon.colcon_core.environment[0m [1;30mLevel 1[0m checking '/home/xyyeh/Desktop/Workspaces/flexiv_ws/flexiv_ros2/install/cpp_package' for CMake module files
[1.889s] [34mcolcon.colcon_core.environment[0m [1;30mLevel 1[0m checking '/home/xyyeh/Desktop/Workspaces/flexiv_ws/flexiv_ros2/install/cpp_package' for CMake config files
[1.889s] [34mcolcon.colcon_core.shell[0m [1;30mLevel 1[0m create_environment_hook('cpp_package', 'cmake_prefix_path')
[1.889s] [34mcolcon.colcon_core.shell[0m [1;30mINFO[0m Creating environment hook '/home/xyyeh/Desktop/Workspaces/flexiv_ws/flexiv_ros2/install/cpp_package/share/cpp_package/hook/cmake_prefix_path.ps1'
[1.891s] [34mcolcon.colcon_core.shell[0m [1;30mINFO[0m Creating environment descriptor '/home/xyyeh/Desktop/Workspaces/flexiv_ws/flexiv_ros2/install/cpp_package/share/cpp_package/hook/cmake_prefix_path.dsv'
[1.891s] [34mcolcon.colcon_core.shell[0m [1;30mINFO[0m Creating environment hook '/home/xyyeh/Desktop/Workspaces/flexiv_ws/flexiv_ros2/install/cpp_package/share/cpp_package/hook/cmake_prefix_path.sh'
[1.892s] [34mcolcon.colcon_core.environment[0m [1;30mLevel 1[0m checking '/home/xyyeh/Desktop/Workspaces/flexiv_ws/flexiv_ros2/install/cpp_package/bin'
[1.892s] [34mcolcon.colcon_core.environment[0m [1;30mLevel 1[0m checking '/home/xyyeh/Desktop/Workspaces/flexiv_ws/flexiv_ros2/install/cpp_package/lib/pkgconfig/cpp_package.pc'
[1.892s] [34mcolcon.colcon_core.environment[0m [1;30mLevel 1[0m checking '/home/xyyeh/Desktop/Workspaces/flexiv_ws/flexiv_ros2/install/cpp_package/lib/python3.6/site-packages'
[1.893s] [34mcolcon.colcon_core.shell[0m [1;30mINFO[0m Creating package script '/home/xyyeh/Desktop/Workspaces/flexiv_ws/flexiv_ros2/install/cpp_package/share/cpp_package/package.ps1'
[1.894s] [34mcolcon.colcon_core.shell[0m [1;30mINFO[0m Creating package descriptor '/home/xyyeh/Desktop/Workspaces/flexiv_ws/flexiv_ros2/install/cpp_package/share/cpp_package/package.dsv'
[1.895s] [34mcolcon.colcon_core.shell[0m [1;30mINFO[0m Creating package script '/home/xyyeh/Desktop/Workspaces/flexiv_ws/flexiv_ros2/install/cpp_package/share/cpp_package/package.sh'
[1.895s] [34mcolcon.colcon_core.shell[0m [1;30mINFO[0m Creating package script '/home/xyyeh/Desktop/Workspaces/flexiv_ws/flexiv_ros2/install/cpp_package/share/cpp_package/package.bash'
[1.896s] [34mcolcon.colcon_core.shell[0m [1;30mINFO[0m Creating package script '/home/xyyeh/Desktop/Workspaces/flexiv_ws/flexiv_ros2/install/cpp_package/share/cpp_package/package.zsh'
[1.896s] [34mcolcon.colcon_core.environment[0m [1;30mLevel 1[0m create_file_with_runtime_dependencies(/home/xyyeh/Desktop/Workspaces/flexiv_ws/flexiv_ros2/install/cpp_package/share/colcon-core/packages/cpp_package)
[1.896s] [34mcolcon.colcon_parallel_executor.executor.parallel[0m [1;30mDEBUG[0m [32mclosing loop[0m
[1.897s] [34mcolcon.colcon_parallel_executor.executor.parallel[0m [1;30mDEBUG[0m [32mloop closed[0m
[1.897s] [34mcolcon.colcon_parallel_executor.executor.parallel[0m [1;30mDEBUG[0m [32mrun_until_complete finished with '0'[0m
[1.898s] [34mcolcon.colcon_core.event_reactor[0m [1;30mDEBUG[0m [32mjoining thread[0m
[1.905s] [34mcolcon.colcon_core.plugin_system[0m [1;30mINFO[0m Skipping extension 'colcon_notification.desktop_notification.terminal_notifier': Not used on non-Darwin systems
[1.905s] [34mcolcon.colcon_core.plugin_system[0m [1;30mINFO[0m Skipping extension 'colcon_notification.desktop_notification.win32': Not used on non-Windows systems
[1.905s] [34mcolcon.colcon_notification.desktop_notification[0m [1;30mINFO[0m Sending desktop notification using 'notify2'
[1.911s] [34mcolcon.colcon_core.event_reactor[0m [1;30mDEBUG[0m [32mjoined thread[0m
[1.913s] [34mcolcon.colcon_core.shell[0m [1;30mINFO[0m Creating prefix script '/home/xyyeh/Desktop/Workspaces/flexiv_ws/flexiv_ros2/install/local_setup.ps1'
[1.914s] [34mcolcon.colcon_core.shell[0m [1;30mINFO[0m Creating prefix util module '/home/xyyeh/Desktop/Workspaces/flexiv_ws/flexiv_ros2/install/_local_setup_util_ps1.py'
[1.916s] [34mcolcon.colcon_core.shell[0m [1;30mINFO[0m Creating prefix chain script '/home/xyyeh/Desktop/Workspaces/flexiv_ws/flexiv_ros2/install/setup.ps1'
[1.920s] [34mcolcon.colcon_core.shell[0m [1;30mINFO[0m Creating prefix script '/home/xyyeh/Desktop/Workspaces/flexiv_ws/flexiv_ros2/install/local_setup.sh'
[1.921s] [34mcolcon.colcon_core.shell[0m [1;30mINFO[0m Creating prefix util module '/home/xyyeh/Desktop/Workspaces/flexiv_ws/flexiv_ros2/install/_local_setup_util_sh.py'
[1.922s] [34mcolcon.colcon_core.shell[0m [1;30mINFO[0m Creating prefix chain script '/home/xyyeh/Desktop/Workspaces/flexiv_ws/flexiv_ros2/install/setup.sh'
[1.925s] [34mcolcon.colcon_core.shell[0m [1;30mINFO[0m Creating prefix script '/home/xyyeh/Desktop/Workspaces/flexiv_ws/flexiv_ros2/install/local_setup.bash'
[1.926s] [34mcolcon.colcon_core.shell[0m [1;30mINFO[0m Creating prefix chain script '/home/xyyeh/Desktop/Workspaces/flexiv_ws/flexiv_ros2/install/setup.bash'
[1.929s] [34mcolcon.colcon_core.shell[0m [1;30mINFO[0m Creating prefix script '/home/xyyeh/Desktop/Workspaces/flexiv_ws/flexiv_ros2/install/local_setup.zsh'
[1.930s] [34mcolcon.colcon_core.shell[0m [1;30mINFO[0m Creating prefix chain script '/home/xyyeh/Desktop/Workspaces/flexiv_ws/flexiv_ros2/install/setup.zsh'
