[0.430s] Invoking command in '/home/xyyeh/Desktop/Workspaces/flexiv_ws/flexiv_ros2/python_package': PYTHONPATH=/home/xyyeh/Desktop/Workspaces/flexiv_ws/flexiv_ros2/install/python_package/lib/python3.6/site-packages:${PYTHONPATH} /usr/bin/python3 setup.py egg_info --egg-base ../build/python_package build --build-base /home/xyyeh/Desktop/Workspaces/flexiv_ws/flexiv_ros2/build/python_package/build install --prefix /home/xyyeh/Desktop/Workspaces/flexiv_ws/flexiv_ros2/install/python_package --record /home/xyyeh/Desktop/Workspaces/flexiv_ws/flexiv_ros2/build/python_package/install.log --single-version-externally-managed
[0.774s] running egg_info
[0.774s] creating ../build/python_package/python_package.egg-info
[0.774s] writing ../build/python_package/python_package.egg-info/PKG-INFO
[0.775s] writing dependency_links to ../build/python_package/python_package.egg-info/dependency_links.txt
[0.775s] writing entry points to ../build/python_package/python_package.egg-info/entry_points.txt
[0.775s] writing requirements to ../build/python_package/python_package.egg-info/requires.txt
[0.775s] writing top-level names to ../build/python_package/python_package.egg-info/top_level.txt
[0.777s] writing manifest file '../build/python_package/python_package.egg-info/SOURCES.txt'
[0.813s] reading manifest file '../build/python_package/python_package.egg-info/SOURCES.txt'
[0.814s] writing manifest file '../build/python_package/python_package.egg-info/SOURCES.txt'
[0.815s] running build
[0.815s] running build_py
[0.815s] creating /home/xyyeh/Desktop/Workspaces/flexiv_ws/flexiv_ros2/build/python_package/build
[0.815s] creating /home/xyyeh/Desktop/Workspaces/flexiv_ws/flexiv_ros2/build/python_package/build/lib
[0.815s] creating /home/xyyeh/Desktop/Workspaces/flexiv_ws/flexiv_ros2/build/python_package/build/lib/python_package
[0.815s] copying python_package/__init__.py -> /home/xyyeh/Desktop/Workspaces/flexiv_ws/flexiv_ros2/build/python_package/build/lib/python_package
[0.815s] running install
[0.816s] running install_lib
[0.817s] creating /home/xyyeh/Desktop/Workspaces/flexiv_ws/flexiv_ros2/install/python_package/lib/python3.6/site-packages/python_package
[0.817s] copying /home/xyyeh/Desktop/Workspaces/flexiv_ws/flexiv_ros2/build/python_package/build/lib/python_package/__init__.py -> /home/xyyeh/Desktop/Workspaces/flexiv_ws/flexiv_ros2/install/python_package/lib/python3.6/site-packages/python_package
[0.817s] byte-compiling /home/xyyeh/Desktop/Workspaces/flexiv_ws/flexiv_ros2/install/python_package/lib/python3.6/site-packages/python_package/__init__.py to __init__.cpython-36.pyc
[0.817s] running install_data
[0.819s] creating /home/xyyeh/Desktop/Workspaces/flexiv_ws/flexiv_ros2/install/python_package/share/ament_index
[0.819s] creating /home/xyyeh/Desktop/Workspaces/flexiv_ws/flexiv_ros2/install/python_package/share/ament_index/resource_index
[0.819s] creating /home/xyyeh/Desktop/Workspaces/flexiv_ws/flexiv_ros2/install/python_package/share/ament_index/resource_index/packages
[0.819s] copying resource/python_package -> /home/xyyeh/Desktop/Workspaces/flexiv_ws/flexiv_ros2/install/python_package/share/ament_index/resource_index/packages
[0.819s] copying package.xml -> /home/xyyeh/Desktop/Workspaces/flexiv_ws/flexiv_ros2/install/python_package/share/python_package
[0.820s] running install_egg_info
[0.822s] Copying ../build/python_package/python_package.egg-info to /home/xyyeh/Desktop/Workspaces/flexiv_ws/flexiv_ros2/install/python_package/lib/python3.6/site-packages/python_package-0.0.0-py3.6.egg-info
[0.823s] running install_scripts
[0.843s] writing list of installed files to '/home/xyyeh/Desktop/Workspaces/flexiv_ws/flexiv_ros2/build/python_package/install.log'
[0.871s] Invoked command in '/home/xyyeh/Desktop/Workspaces/flexiv_ws/flexiv_ros2/python_package' returned '0': PYTHONPATH=/home/xyyeh/Desktop/Workspaces/flexiv_ws/flexiv_ros2/install/python_package/lib/python3.6/site-packages:${PYTHONPATH} /usr/bin/python3 setup.py egg_info --egg-base ../build/python_package build --build-base /home/xyyeh/Desktop/Workspaces/flexiv_ws/flexiv_ros2/build/python_package/build install --prefix /home/xyyeh/Desktop/Workspaces/flexiv_ws/flexiv_ros2/install/python_package --record /home/xyyeh/Desktop/Workspaces/flexiv_ws/flexiv_ros2/build/python_package/install.log --single-version-externally-managed
